Determining if the pthread_create exist failed with the following output:
Change Dir: /home/kevin/workspace/20190530learningOpencv/Mat/build/CMakeFiles/CMakeTmp

Run Build Command:"/usr/bin/make" "cmTC_230f3/fast"
/usr/bin/make -f CMakeFiles/cmTC_230f3.dir/build.make CMakeFiles/cmTC_230f3.dir/build
make[1]: Entering directory '/home/kevin/workspace/20190530learningOpencv/Mat/build/CMakeFiles/CMakeTmp'
Building C object CMakeFiles/cmTC_230f3.dir/CheckSymbolExists.c.o
/usr/bin/cc    -fPIC    -o CMakeFiles/cmTC_230f3.dir/CheckSymbolExists.c.o   -c /home/kevin/workspace/20190530learningOpencv/Mat/build/CMakeFiles/CMakeTmp/CheckSymbolExists.c
Linking C executable cmTC_230f3
/usr/bin/cmake -E cmake_link_script CMakeFiles/cmTC_230f3.dir/link.txt --verbose=1
/usr/bin/cc  -fPIC     CMakeFiles/cmTC_230f3.dir/CheckSymbolExists.c.o  -o cmTC_230f3 -rdynamic 
CMakeFiles/cmTC_230f3.dir/CheckSymbolExists.c.o: In function `main':
CheckSymbolExists.c:(.text+0x1b): undefined reference to `pthread_create'
collect2: error: ld returned 1 exit status
CMakeFiles/cmTC_230f3.dir/build.make:97: recipe for target 'cmTC_230f3' failed
make[1]: *** [cmTC_230f3] Error 1
make[1]: Leaving directory '/home/kevin/workspace/20190530learningOpencv/Mat/build/CMakeFiles/CMakeTmp'
Makefile:126: recipe for target 'cmTC_230f3/fast' failed
make: *** [cmTC_230f3/fast] Error 2

File /home/kevin/workspace/20190530learningOpencv/Mat/build/CMakeFiles/CMakeTmp/CheckSymbolExists.c:
/* */
#include <pthread.h>

int main(int argc, char** argv)
{
  (void)argv;
#ifndef pthread_create
  return ((int*)(&pthread_create))[argc];
#else
  (void)argc;
  return 0;
#endif
}

Determining if the function pthread_create exists in the pthreads failed with the following output:
Change Dir: /home/kevin/workspace/20190530learningOpencv/Mat/build/CMakeFiles/CMakeTmp

Run Build Command:"/usr/bin/make" "cmTC_7d71c/fast"
/usr/bin/make -f CMakeFiles/cmTC_7d71c.dir/build.make CMakeFiles/cmTC_7d71c.dir/build
make[1]: Entering directory '/home/kevin/workspace/20190530learningOpencv/Mat/build/CMakeFiles/CMakeTmp'
Building C object CMakeFiles/cmTC_7d71c.dir/CheckFunctionExists.c.o
/usr/bin/cc    -fPIC -DCHECK_FUNCTION_EXISTS=pthread_create   -o CMakeFiles/cmTC_7d71c.dir/CheckFunctionExists.c.o   -c /usr/share/cmake-3.5/Modules/CheckFunctionExists.c
Linking C executable cmTC_7d71c
/usr/bin/cmake -E cmake_link_script CMakeFiles/cmTC_7d71c.dir/link.txt --verbose=1
/usr/bin/cc  -fPIC -DCHECK_FUNCTION_EXISTS=pthread_create    CMakeFiles/cmTC_7d71c.dir/CheckFunctionExists.c.o  -o cmTC_7d71c -rdynamic -lpthreads 
/usr/bin/ld: cannot find -lpthreads
collect2: error: ld returned 1 exit status
CMakeFiles/cmTC_7d71c.dir/build.make:97: recipe for target 'cmTC_7d71c' failed
make[1]: *** [cmTC_7d71c] Error 1
make[1]: Leaving directory '/home/kevin/workspace/20190530learningOpencv/Mat/build/CMakeFiles/CMakeTmp'
Makefile:126: recipe for target 'cmTC_7d71c/fast' failed
make: *** [cmTC_7d71c/fast] Error 2


